<?xml version="1.0" encoding="UTF-8"?>
<!-- Generated by org.testng.reporters.JUnitReportReporter -->
<testsuite hostname="DESKTOP-OGST7VR" failures="0" tests="1" name="com.employee.EMS.AppTest" time="0.018" errors="0" timestamp="2024-01-26T00:00:57 IST" skipped="0">
  <testcase classname="com.employee.EMS.AppTest" name="shouldAnswerWithTrue" time="0.018"/>
  <system-out/>
</testsuite> <!-- com.employee.EMS.AppTest -->
